<?xml version="1.0" encoding="UTF-8"?>
<coverage generated="1687172975726" clover="3.2.0">
  <project timestamp="1687172975726" name="All files">
    <metrics statements="62" coveredstatements="60" conditionals="7" coveredconditionals="5" methods="12" coveredmethods="11" elements="81" coveredelements="76" complexity="0" loc="62" ncloc="62" packages="1" files="7" classes="7"/>
    <file name="map-to-transact-put-item.ts" path="/Users/federico.dainelli/Prototypes/aws/aws-sam-cdk/lib/functions/parse-products/map-to-transact-put-item.ts">
      <metrics statements="2" coveredstatements="2" conditionals="0" coveredconditionals="0" methods="1" coveredmethods="1"/>
      <line num="4" count="2" type="stmt"/>
      <line num="5" count="1001" type="stmt"/>
    </file>
    <file name="map-to-transact-update-item.ts" path="/Users/federico.dainelli/Prototypes/aws/aws-sam-cdk/lib/functions/parse-products/map-to-transact-update-item.ts">
      <metrics statements="2" coveredstatements="2" conditionals="0" coveredconditionals="0" methods="1" coveredmethods="1"/>
      <line num="4" count="2" type="stmt"/>
      <line num="5" count="1001" type="stmt"/>
    </file>
    <file name="parse-csv.ts" path="/Users/federico.dainelli/Prototypes/aws/aws-sam-cdk/lib/functions/parse-products/parse-csv.ts">
      <metrics statements="16" coveredstatements="14" conditionals="0" coveredconditionals="0" methods="5" coveredmethods="4"/>
      <line num="1" count="2" type="stmt"/>
      <line num="2" count="2" type="stmt"/>
      <line num="6" count="2" type="stmt"/>
      <line num="7" count="6" type="stmt"/>
      <line num="8" count="6" type="stmt"/>
      <line num="10" count="6" type="stmt"/>
      <line num="11" count="6" type="stmt"/>
      <line num="13" count="4" type="stmt"/>
      <line num="16" count="0" type="stmt"/>
      <line num="17" count="0" type="stmt"/>
      <line num="19" count="4000" type="stmt"/>
      <line num="21" count="4" type="stmt"/>
      <line num="22" count="4" type="stmt"/>
      <line num="25" count="2" type="stmt"/>
      <line num="26" count="2" type="stmt"/>
      <line num="27" count="2" type="stmt"/>
    </file>
    <file name="parse-products.function.ts" path="/Users/federico.dainelli/Prototypes/aws/aws-sam-cdk/lib/functions/parse-products/parse-products.function.ts">
      <metrics statements="26" coveredstatements="26" conditionals="4" coveredconditionals="2" methods="1" coveredmethods="1"/>
      <line num="1" count="1" type="stmt"/>
      <line num="2" count="1" type="stmt"/>
      <line num="5" count="1" type="stmt"/>
      <line num="6" count="1" type="stmt"/>
      <line num="7" count="1" type="stmt"/>
      <line num="8" count="1" type="stmt"/>
      <line num="9" count="1" type="stmt"/>
      <line num="10" count="1" type="stmt"/>
      <line num="12" count="1" type="stmt"/>
      <line num="14" count="1" type="stmt"/>
      <line num="15" count="2" type="cond" truecount="1" falsecount="1"/>
      <line num="16" count="2" type="cond" truecount="1" falsecount="1"/>
      <line num="18" count="2" type="stmt"/>
      <line num="19" count="2" type="stmt"/>
      <line num="21" count="2" type="stmt"/>
      <line num="22" count="2" type="stmt"/>
      <line num="23" count="2" type="stmt"/>
      <line num="24" count="2" type="stmt"/>
      <line num="25" count="2" type="stmt"/>
      <line num="27" count="2" type="stmt"/>
      <line num="28" count="20" type="stmt"/>
      <line num="29" count="20" type="stmt"/>
      <line num="30" count="20" type="stmt"/>
      <line num="31" count="20" type="stmt"/>
      <line num="32" count="2000" type="stmt"/>
      <line num="35" count="20" type="stmt"/>
    </file>
    <file name="transact-write-items.ts" path="/Users/federico.dainelli/Prototypes/aws/aws-sam-cdk/lib/functions/parse-products/transact-write-items.ts">
      <metrics statements="3" coveredstatements="3" conditionals="0" coveredconditionals="0" methods="1" coveredmethods="1"/>
      <line num="1" count="2" type="stmt"/>
      <line num="3" count="2" type="stmt"/>
      <line num="7" count="1" type="stmt"/>
    </file>
    <file name="validate-bucket.ts" path="/Users/federico.dainelli/Prototypes/aws/aws-sam-cdk/lib/functions/parse-products/validate-bucket.ts">
      <metrics statements="5" coveredstatements="5" conditionals="1" coveredconditionals="1" methods="2" coveredmethods="2"/>
      <line num="3" count="2" type="stmt"/>
      <line num="4" count="4" type="stmt"/>
      <line num="6" count="4" type="cond" truecount="1" falsecount="0"/>
      <line num="7" count="1" type="stmt"/>
      <line num="10" count="3" type="stmt"/>
    </file>
    <file name="validate-object.ts" path="/Users/federico.dainelli/Prototypes/aws/aws-sam-cdk/lib/functions/parse-products/validate-object.ts">
      <metrics statements="8" coveredstatements="8" conditionals="2" coveredconditionals="2" methods="1" coveredmethods="1"/>
      <line num="1" count="2" type="stmt"/>
      <line num="3" count="2" type="stmt"/>
      <line num="4" count="9" type="cond" truecount="1" falsecount="0"/>
      <line num="5" count="2" type="stmt"/>
      <line num="8" count="7" type="stmt"/>
      <line num="10" count="7" type="cond" truecount="1" falsecount="0"/>
      <line num="11" count="3" type="stmt"/>
      <line num="14" count="4" type="stmt"/>
    </file>
  </project>
</coverage>
