{"/Users/federico.dainelli/Prototypes/aws/aws-sam-cdk/lib/functions/parse-products/map-to-transact-put-item.ts": {"path":"/Users/federico.dainelli/Prototypes/aws/aws-sam-cdk/lib/functions/parse-products/map-to-transact-put-item.ts","statementMap":{"0":{"start":{"line":5,"column":2},"end":{"line":14,"column":4}},"1":{"start":{"line":4,"column":0},"end":{"line":4,"column":16}}},"fnMap":{"0":{"name":"mapToTransactPutItem","decl":{"start":{"line":4,"column":16},"end":{"line":4,"column":36}},"loc":{"start":{"line":4,"column":69},"end":{"line":15,"column":1}}}},"branchMap":{},"s":{"0":1001,"1":2},"f":{"0":1001},"b":{}}
,"/Users/federico.dainelli/Prototypes/aws/aws-sam-cdk/lib/functions/parse-products/map-to-transact-update-item.ts": {"path":"/Users/federico.dainelli/Prototypes/aws/aws-sam-cdk/lib/functions/parse-products/map-to-transact-update-item.ts","statementMap":{"0":{"start":{"line":5,"column":2},"end":{"line":15,"column":4}},"1":{"start":{"line":4,"column":0},"end":{"line":4,"column":16}}},"fnMap":{"0":{"name":"mapToTransactUpdateItem","decl":{"start":{"line":4,"column":16},"end":{"line":4,"column":39}},"loc":{"start":{"line":4,"column":77},"end":{"line":16,"column":1}}}},"branchMap":{},"s":{"0":1001,"1":2},"f":{"0":1001},"b":{}}
,"/Users/federico.dainelli/Prototypes/aws/aws-sam-cdk/lib/functions/parse-products/parse-csv.ts": {"path":"/Users/federico.dainelli/Prototypes/aws/aws-sam-cdk/lib/functions/parse-products/parse-csv.ts","statementMap":{"0":{"start":{"line":1,"column":0},"end":{"line":1,"column":40}},"1":{"start":{"line":2,"column":0},"end":{"line":2,"column":64}},"2":{"start":{"line":7,"column":2},"end":{"line":29,"column":5}},"3":{"start":{"line":8,"column":23},"end":{"line":8,"column":25}},"4":{"start":{"line":10,"column":4},"end":{"line":28,"column":null}},"5":{"start":{"line":11,"column":23},"end":{"line":11,"column":104}},"6":{"start":{"line":13,"column":7},"end":{"line":23,"column":11}},"7":{"start":{"line":16,"column":10},"end":{"line":16,"column":29}},"8":{"start":{"line":17,"column":10},"end":{"line":17,"column":24}},"9":{"start":{"line":19,"column":29},"end":{"line":19,"column":44}},"10":{"start":{"line":21,"column":10},"end":{"line":21,"column":49}},"11":{"start":{"line":22,"column":10},"end":{"line":22,"column":25}},"12":{"start":{"line":25,"column":6},"end":{"line":25,"column":23}},"13":{"start":{"line":26,"column":22},"end":{"line":26,"column":161}},"14":{"start":{"line":27,"column":6},"end":{"line":27,"column":22}},"15":{"start":{"line":6,"column":0},"end":{"line":6,"column":7}}},"fnMap":{"0":{"name":"parseCsv","decl":{"start":{"line":6,"column":22},"end":{"line":6,"column":30}},"loc":{"start":{"line":6,"column":116},"end":{"line":30,"column":1}}},"1":{"name":"(anonymous_1)","decl":{"start":{"line":7,"column":21},"end":{"line":7,"column":26}},"loc":{"start":{"line":7,"column":47},"end":{"line":29,"column":3}}},"2":{"name":"(anonymous_2)","decl":{"start":{"line":15,"column":21},"end":{"line":15,"column":22}},"loc":{"start":{"line":15,"column":31},"end":{"line":18,"column":9}}},"3":{"name":"(anonymous_3)","decl":{"start":{"line":19,"column":20},"end":{"line":19,"column":21}},"loc":{"start":{"line":19,"column":29},"end":{"line":19,"column":44}}},"4":{"name":"(anonymous_4)","decl":{"start":{"line":20,"column":19},"end":{"line":20,"column":20}},"loc":{"start":{"line":20,"column":40},"end":{"line":23,"column":9}}}},"branchMap":{},"s":{"0":2,"1":2,"2":6,"3":6,"4":6,"5":6,"6":4,"7":0,"8":0,"9":4000,"10":4,"11":4,"12":2,"13":2,"14":2,"15":2},"f":{"0":6,"1":6,"2":0,"3":4000,"4":4},"b":{}}
,"/Users/federico.dainelli/Prototypes/aws/aws-sam-cdk/lib/functions/parse-products/parse-products.function.ts": {"path":"/Users/federico.dainelli/Prototypes/aws/aws-sam-cdk/lib/functions/parse-products/parse-products.function.ts","statementMap":{"0":{"start":{"line":1,"column":0},"end":{"line":1,"column":77}},"1":{"start":{"line":2,"column":0},"end":{"line":2,"column":46}},"2":{"start":{"line":5,"column":0},"end":{"line":5,"column":66}},"3":{"start":{"line":6,"column":0},"end":{"line":6,"column":72}},"4":{"start":{"line":7,"column":0},"end":{"line":7,"column":39}},"5":{"start":{"line":8,"column":0},"end":{"line":8,"column":60}},"6":{"start":{"line":9,"column":0},"end":{"line":9,"column":51}},"7":{"start":{"line":10,"column":0},"end":{"line":10,"column":51}},"8":{"start":{"line":12,"column":46},"end":{"line":12,"column":125}},"9":{"start":{"line":14,"column":34},"end":{"line":37,"column":1}},"10":{"start":{"line":15,"column":22},"end":{"line":15,"column":51}},"11":{"start":{"line":16,"column":21},"end":{"line":16,"column":49}},"12":{"start":{"line":18,"column":19},"end":{"line":18,"column":61}},"13":{"start":{"line":19,"column":25},"end":{"line":19,"column":73}},"14":{"start":{"line":21,"column":23},"end":{"line":21,"column":57}},"15":{"start":{"line":22,"column":20},"end":{"line":22,"column":125}},"16":{"start":{"line":23,"column":17},"end":{"line":23,"column":83}},"17":{"start":{"line":24,"column":20},"end":{"line":24,"column":23}},"18":{"start":{"line":25,"column":16},"end":{"line":25,"column":64}},"19":{"start":{"line":27,"column":2},"end":{"line":36,"column":null}},"20":{"start":{"line":27,"column":15},"end":{"line":27,"column":16}},"21":{"start":{"line":28,"column":18},"end":{"line":28,"column":31}},"22":{"start":{"line":29,"column":16},"end":{"line":29,"column":33}},"23":{"start":{"line":30,"column":58},"end":{"line":30,"column":60}},"24":{"start":{"line":31,"column":4},"end":{"line":33,"column":null}},"25":{"start":{"line":31,"column":17},"end":{"line":31,"column":22}},"26":{"start":{"line":32,"column":6},"end":{"line":32,"column":66}},"27":{"start":{"line":35,"column":4},"end":{"line":35,"column":71}},"28":{"start":{"line":14,"column":13},"end":{"line":14,"column":34}}},"fnMap":{"0":{"name":"(anonymous_0)","decl":{"start":{"line":14,"column":34},"end":{"line":14,"column":39}},"loc":{"start":{"line":14,"column":98},"end":{"line":37,"column":1}}}},"branchMap":{"0":{"loc":{"start":{"line":15,"column":22},"end":{"line":15,"column":51}},"type":"binary-expr","locations":[{"start":{"line":15,"column":22},"end":{"line":15,"column":45}},{"start":{"line":15,"column":49},"end":{"line":15,"column":51}}]},"1":{"loc":{"start":{"line":16,"column":21},"end":{"line":16,"column":49}},"type":"binary-expr","locations":[{"start":{"line":16,"column":21},"end":{"line":16,"column":43}},{"start":{"line":16,"column":47},"end":{"line":16,"column":49}}]}},"s":{"0":1,"1":1,"2":1,"3":1,"4":1,"5":1,"6":1,"7":1,"8":1,"9":1,"10":2,"11":2,"12":2,"13":2,"14":2,"15":2,"16":2,"17":2,"18":2,"19":2,"20":2,"21":20,"22":20,"23":20,"24":20,"25":20,"26":2000,"27":20,"28":1},"f":{"0":2},"b":{"0":[2,0],"1":[2,0]}}
,"/Users/federico.dainelli/Prototypes/aws/aws-sam-cdk/lib/functions/parse-products/transact-write-items.ts": {"path":"/Users/federico.dainelli/Prototypes/aws/aws-sam-cdk/lib/functions/parse-products/transact-write-items.ts","statementMap":{"0":{"start":{"line":1,"column":0},"end":{"line":1,"column":137}},"1":{"start":{"line":7,"column":2},"end":{"line":11,"column":4}},"2":{"start":{"line":3,"column":0},"end":{"line":3,"column":7}}},"fnMap":{"0":{"name":"transactWriteItems","decl":{"start":{"line":3,"column":22},"end":{"line":3,"column":40}},"loc":{"start":{"line":5,"column":47},"end":{"line":12,"column":1}}}},"branchMap":{},"s":{"0":2,"1":1,"2":2},"f":{"0":1},"b":{}}
,"/Users/federico.dainelli/Prototypes/aws/aws-sam-cdk/lib/functions/parse-products/validate-bucket.ts": {"path":"/Users/federico.dainelli/Prototypes/aws/aws-sam-cdk/lib/functions/parse-products/validate-bucket.ts","statementMap":{"0":{"start":{"line":4,"column":23},"end":{"line":4,"column":91}},"1":{"start":{"line":4,"column":54},"end":{"line":4,"column":90}},"2":{"start":{"line":6,"column":2},"end":{"line":8,"column":null}},"3":{"start":{"line":7,"column":4},"end":{"line":7,"column":47}},"4":{"start":{"line":10,"column":2},"end":{"line":10,"column":22}},"5":{"start":{"line":3,"column":0},"end":{"line":3,"column":16}}},"fnMap":{"0":{"name":"validateBucket","decl":{"start":{"line":3,"column":16},"end":{"line":3,"column":30}},"loc":{"start":{"line":3,"column":71},"end":{"line":11,"column":1}}},"1":{"name":"(anonymous_1)","decl":{"start":{"line":4,"column":42},"end":{"line":4,"column":43}},"loc":{"start":{"line":4,"column":54},"end":{"line":4,"column":90}}}},"branchMap":{"0":{"loc":{"start":{"line":6,"column":2},"end":{"line":8,"column":null}},"type":"if","locations":[{"start":{"line":6,"column":2},"end":{"line":8,"column":null}}]}},"s":{"0":4,"1":4,"2":4,"3":1,"4":3,"5":2},"f":{"0":4,"1":4},"b":{"0":[1]}}
,"/Users/federico.dainelli/Prototypes/aws/aws-sam-cdk/lib/functions/parse-products/validate-object.ts": {"path":"/Users/federico.dainelli/Prototypes/aws/aws-sam-cdk/lib/functions/parse-products/validate-object.ts","statementMap":{"0":{"start":{"line":1,"column":0},"end":{"line":1,"column":64}},"1":{"start":{"line":4,"column":2},"end":{"line":6,"column":null}},"2":{"start":{"line":5,"column":4},"end":{"line":5,"column":60}},"3":{"start":{"line":8,"column":26},"end":{"line":8,"column":107}},"4":{"start":{"line":10,"column":2},"end":{"line":12,"column":null}},"5":{"start":{"line":11,"column":4},"end":{"line":11,"column":67}},"6":{"start":{"line":14,"column":2},"end":{"line":14,"column":36}},"7":{"start":{"line":3,"column":0},"end":{"line":3,"column":7}}},"fnMap":{"0":{"name":"validateObject","decl":{"start":{"line":3,"column":22},"end":{"line":3,"column":36}},"loc":{"start":{"line":3,"column":125},"end":{"line":15,"column":1}}}},"branchMap":{"0":{"loc":{"start":{"line":4,"column":2},"end":{"line":6,"column":null}},"type":"if","locations":[{"start":{"line":4,"column":2},"end":{"line":6,"column":null}}]},"1":{"loc":{"start":{"line":10,"column":2},"end":{"line":12,"column":null}},"type":"if","locations":[{"start":{"line":10,"column":2},"end":{"line":12,"column":null}}]}},"s":{"0":2,"1":9,"2":2,"3":7,"4":7,"5":3,"6":4,"7":2},"f":{"0":9},"b":{"0":[2],"1":[3]}}
}
