TN:
SF:lib/functions/parse-products/map-to-transact-put-item.ts
FN:4,mapToTransactPutItem
FNF:1
FNH:1
FNDA:1001,mapToTransactPutItem
DA:4,2
DA:5,1001
LF:2
LH:2
BRF:0
BRH:0
end_of_record
TN:
SF:lib/functions/parse-products/map-to-transact-update-item.ts
FN:4,mapToTransactUpdateItem
FNF:1
FNH:1
FNDA:1001,mapToTransactUpdateItem
DA:4,2
DA:5,1001
LF:2
LH:2
BRF:0
BRH:0
end_of_record
TN:
SF:lib/functions/parse-products/parse-csv.ts
FN:6,parseCsv
FN:7,(anonymous_1)
FN:15,(anonymous_2)
FN:19,(anonymous_3)
FN:20,(anonymous_4)
FNF:5
FNH:4
FNDA:6,parseCsv
FNDA:6,(anonymous_1)
FNDA:0,(anonymous_2)
FNDA:4000,(anonymous_3)
FNDA:4,(anonymous_4)
DA:1,2
DA:2,2
DA:6,2
DA:7,6
DA:8,6
DA:10,6
DA:11,6
DA:13,4
DA:16,0
DA:17,0
DA:19,4000
DA:21,4
DA:22,4
DA:25,2
DA:26,2
DA:27,2
LF:16
LH:14
BRF:0
BRH:0
end_of_record
TN:
SF:lib/functions/parse-products/parse-products.function.ts
FN:14,(anonymous_0)
FNF:1
FNH:1
FNDA:2,(anonymous_0)
DA:1,1
DA:2,1
DA:5,1
DA:6,1
DA:7,1
DA:8,1
DA:9,1
DA:10,1
DA:12,1
DA:14,1
DA:15,2
DA:16,2
DA:18,2
DA:19,2
DA:21,2
DA:22,2
DA:23,2
DA:24,2
DA:25,2
DA:27,2
DA:28,20
DA:29,20
DA:30,20
DA:31,20
DA:32,2000
DA:35,20
LF:26
LH:26
BRDA:15,0,0,2
BRDA:15,0,1,0
BRDA:16,1,0,2
BRDA:16,1,1,0
BRF:4
BRH:2
end_of_record
TN:
SF:lib/functions/parse-products/transact-write-items.ts
FN:3,transactWriteItems
FNF:1
FNH:1
FNDA:1,transactWriteItems
DA:1,2
DA:3,2
DA:7,1
LF:3
LH:3
BRF:0
BRH:0
end_of_record
TN:
SF:lib/functions/parse-products/validate-bucket.ts
FN:3,validateBucket
FN:4,(anonymous_1)
FNF:2
FNH:2
FNDA:4,validateBucket
FNDA:4,(anonymous_1)
DA:3,2
DA:4,4
DA:6,4
DA:7,1
DA:10,3
LF:5
LH:5
BRDA:6,0,0,1
BRF:1
BRH:1
end_of_record
TN:
SF:lib/functions/parse-products/validate-object.ts
FN:3,validateObject
FNF:1
FNH:1
FNDA:9,validateObject
DA:1,2
DA:3,2
DA:4,9
DA:5,2
DA:8,7
DA:10,7
DA:11,3
DA:14,4
LF:8
LH:8
BRDA:4,0,0,2
BRDA:10,1,0,3
BRF:2
BRH:2
end_of_record
